<?xml version="1.0" encoding="UTF-8"?>
<!-- Generated by org.testng.reporters.JUnitReportReporter -->
<testsuite hostname="LAKSHYALAPTOP" failures="0" tests="3" name="TestNG.TestCasePriority" time="0.018" errors="0" timestamp="2023-04-01T21:45:21 IST" skipped="0">
  <testcase classname="TestNG.TestCasePriority" name="close" time="0.017"/>
  <system-out/>
  <testcase classname="TestNG.TestCasePriority" name="login" time="0.001"/>
  <system-out/>
  <testcase classname="TestNG.TestCasePriority" name="setup" time="0.000"/>
  <system-out/>
</testsuite> <!-- TestNG.TestCasePriority -->
