<?xml version="1.0" encoding="UTF-8"?>
<!-- Generated by org.testng.reporters.JUnitReportReporter -->
<testsuite hostname="LAKSHYALAPTOP" failures="0" tests="3" name="TestNG.TestingCase" time="0.001" errors="0" timestamp="2023-04-01T21:45:21 IST" skipped="0">
  <testcase classname="TestNG.TestingCase" name="setup" time="0.000"/>
  <system-out/>
  <testcase classname="TestNG.TestingCase" name="close" time="0.000"/>
  <system-out/>
  <testcase classname="TestNG.TestingCase" name="login" time="0.001"/>
  <system-out/>
</testsuite> <!-- TestNG.TestingCase -->
