<?xml version="1.0" encoding="UTF-8"?>
<!-- Generated by org.testng.reporters.JUnitReportReporter -->
<testsuite hostname="LAKSHYALAPTOP" failures="0" tests="4" name="TestNG.SecondTestingCase" time="0.014" errors="0" timestamp="2023-04-01T21:45:21 IST" skipped="0">
  <testcase classname="TestNG.SecondTestingCase" name="searchCustomer" time="0.002"/>
  <system-out/>
  <testcase classname="TestNG.SecondTestingCase" name="setup" time="0.002"/>
  <system-out/>
  <testcase classname="TestNG.SecondTestingCase" name="addCustomer" time="0.001"/>
  <system-out/>
  <testcase classname="TestNG.SecondTestingCase" name="close" time="0.009"/>
  <system-out/>
</testsuite> <!-- TestNG.SecondTestingCase -->
